
> vite-react-typescript-starter@0.0.0 dev
> vite --debug

2025-11-10T19:39:27.343Z vite:config bundled config file loaded in 53.05ms
2025-11-10T19:39:27.364Z vite:config using resolved config: {
  plugins: [
    'vite:optimized-deps',
    'vite:watch-package-data',
    'vite:pre-alias',
    'alias',
    'vite:react-babel',
    'vite:react-refresh',
    'vite:modulepreload-polyfill',
    'vite:resolve',
    'vite:html-inline-proxy',
    'vite:css',
    'vite:esbuild',
    'vite:json',
    'vite:wasm-helper',
    'vite:worker',
    'vite:asset',
    'vite:wasm-fallback',
    'vite:define',
    'vite:css-post',
    'vite:worker-import-meta-url',
    'vite:asset-import-meta-url',
    'vite:dynamic-import-vars',
    'vite:import-glob',
    'vite:client-inject',
    'vite:css-analysis',
    'vite:import-analysis'
  ],
  optimizeDeps: {
    holdUntilCrawlEnd: true,
    exclude: [ 'lucide-react' ],
    esbuildOptions: { preserveSymlinks: false, jsx: 'automatic' },
    include: [ 'react', 'react/jsx-dev-runtime', 'react/jsx-runtime' ]
  },
  server: {
    preTransformRequests: true,
    host: undefined,
    sourcemapIgnoreList: [Function: isInNodeModules$1],
    middlewareMode: false,
    fs: {
      strict: true,
      allow: [Array],
      deny: [Array],
      cachedChecks: undefined
    }
  },
  esbuild: { jsxDev: true, jsx: 'automatic', jsxImportSource: undefined },
  build: {
    target: [ 'es2020', 'edge88', 'firefox78', 'chrome87', 'safari14' ],
    cssTarget: [ 'es2020', 'edge88', 'firefox78', 'chrome87', 'safari14' ],
    outDir: 'dist',
    assetsDir: 'assets',
    assetsInlineLimit: 4096,
    cssCodeSplit: true,
    sourcemap: false,
    rollupOptions: { onwarn: [Function: onwarn] },
    minify: 'esbuild',
    terserOptions: {},
    write: true,
    emptyOutDir: null,
    copyPublicDir: true,
    manifest: false,
    lib: false,
    ssr: false,
    ssrManifest: false,
    ssrEmitAssets: false,
    reportCompressedSize: true,
    chunkSizeWarningLimit: 500,
    watch: null,
    commonjsOptions: { include: [Array], extensions: [Array] },
    dynamicImportVarsOptions: { warnOnError: true, exclude: [Array] },
    modulePreload: { polyfill: true },
    cssMinify: true
  },
  resolve: {
    mainFields: [ 'browser', 'module', 'jsnext:main', 'jsnext' ],
    conditions: [],
    extensions: [
      '.mjs',  '.js',
      '.mts',  '.ts',
      '.jsx',  '.tsx',
      '.json'
    ],
    dedupe: [ 'react', 'react-dom' ],
    preserveSymlinks: false,
    alias: [ [Object], [Object] ]
  },
  configFile: '/app/vite.config.ts',
  configFileDependencies: [ '/app/vite.config.ts' ],
  inlineConfig: {
    root: undefined,
    base: undefined,
    mode: undefined,
    configFile: undefined,
    logLevel: undefined,
    clearScreen: undefined,
    optimizeDeps: { force: undefined },
    server: { host: undefined }
  },
  root: '/app',
  base: '/',
  decodedBase: '/',
  rawBase: '/',
  publicDir: '/app/public',
  cacheDir: '/app/node_modules/.vite',
  command: 'serve',
  mode: 'development',
  ssr: {
    target: 'node',
    optimizeDeps: { noDiscovery: true, esbuildOptions: [Object] }
  },
  isWorker: false,
  mainConfig: null,
  bundleChain: [],
  isProduction: false,
  css: { lightningcss: undefined },
  preview: {
    port: undefined,
    strictPort: undefined,
    host: undefined,
    https: undefined,
    open: undefined,
    proxy: undefined,
    cors: undefined,
    headers: undefined
  },
  envDir: '/app',
  env: {
    VITE_SUPABASE_URL: 'https://svbfmmarsflqdflwzdxb.supabase.co',
    VITE_SUPABASE_ANON_KEY: 'eyJhbGciOiJIUzI1NiIsInR5cCI6IkpXVCJ9.eyJpc3MiOiJzdXBhYmFzZSIsInJlZiI6InN2YmZtbWFyc2ZscWRmbHd6ZHhiIiwicm9sZSI6ImFub24iLCJpYXQiOjE3MTg4MTE5NDAsImV4cCI6MjAzNDM4Nzk0MH0.435y-l_ylG_itBY9Bf2_Qxcx-p972az5J3-P3kCWSnA',
    BASE_URL: '/',
    MODE: 'development',
    DEV: true,
    PROD: false
  },
  assetsInclude: [Function: assetsInclude],
  logger: {
    hasWarned: false,
    info: [Function: info],
    warn: [Function: warn],
    warnOnce: [Function: warnOnce],
    error: [Function: error],
    clearScreen: [Function: clearScreen],
    hasErrorLogged: [Function: hasErrorLogged]
  },
  packageCache: Map(1) {
    'fnpd_/app' => {
      dir: '/app',
      data: [Object],
      hasSideEffects: [Function: hasSideEffects],
      webResolvedImports: {},
      nodeResolvedImports: {},
      setResolvedCache: [Function: setResolvedCache],
      getResolvedCache: [Function: getResolvedCache]
    },
    set: [Function (anonymous)]
  },
  createResolver: [Function: createResolver],
  worker: { format: 'iife', plugins: '() => plugins', rollupOptions: {} },
  appType: 'spa',
  experimental: { importGlobRestoreExtension: false, hmrPartialAccept: false },
  getSortedPlugins: [Function: getSortedPlugins],
  getSortedPluginHooks: [Function: getSortedPluginHooks]
}
2025-11-10T19:39:27.398Z vite:deps removing old cache dir /app/node_modules/.vite/deps
2025-11-10T19:39:27.413Z vite:resolve 1.81ms react -> /app/node_modules/react/index.js
2025-11-10T19:39:27.414Z vite:resolve 0.48ms react/jsx-dev-runtime -> /app/node_modules/react/jsx-dev-runtime.js
2025-11-10T19:39:27.415Z vite:resolve 0.22ms react/jsx-runtime -> /app/node_modules/react/jsx-runtime.js
2025-11-10T19:39:27.416Z vite:deps scanning for dependencies...
Port 5173 is in use, trying another one...
Port 5174 is in use, trying another one...
2025-11-10T19:39:27.435Z vite:hmr [file change] debug_server.log
2025-11-10T19:39:27.435Z vite:hmr [no modules matched] debug_server.log
Port 5175 is in use, trying another one...
Port 5176 is in use, trying another one...
Port 5177 is in use, trying another one...

  VITE v5.4.8  ready in 412 ms

  ➜  Local:   http://localhost:5178/
  ➜  Network: use --host to expose
2025-11-10T19:39:27.484Z vite:hmr [file change] debug_server.log
2025-11-10T19:39:27.484Z vite:hmr [no modules matched] debug_server.log
